[28/06/2020 21:23:57]: TEXTO ENTRADA DEL USUARIO: Hola
[28/06/2020 21:23:57]: Regla salida especificidad [id: 1000]: (Saludo), especificidad:1
[28/06/2020 21:23:57]: RESPUESTA DEVUELTA POR EL AGENTE: Hola! Antes de empezar debemos hacerle una serie de preguntas.<br>¿Es usted paciente de riesgo?

[28/06/2020 21:24:10]: TEXTO ENTRADA DEL USUARIO: no
[28/06/2020 21:24:10]: Regla salida especificidad [id: 1002]: (negación), especificidad:1
[28/06/2020 21:24:10]: RESPUESTA DEVUELTA POR EL AGENTE: Perfecto. ¿Está usted en duda de ser portador de la enfermedad COVID-19?

[28/06/2020 21:24:12]: TEXTO ENTRADA DEL USUARIO: si
[28/06/2020 21:24:12]: Regla salida especificidad [id: 1021]: (afirmación), especificidad:1
[28/06/2020 21:24:12]: RESPUESTA DEVUELTA POR EL AGENTE: Veamos...¿tiene usted fiebre, tos (seca), y principalmente, tiene dificultades respiratorias? (si la respuesta es no, no hay motivos para preocuparse).

[28/06/2020 21:24:15]: TEXTO ENTRADA DEL USUARIO: si
[28/06/2020 21:24:15]: Regla salida especificidad [id: 1031]: (afirmación), especificidad:1
[28/06/2020 21:24:15]: RESPUESTA DEVUELTA POR EL AGENTE: Manténgase tranquilo, usted no es paciente de riesgo. Si la situación empeora no dude en buscar asistencia médica. ¿Tiene alguna pregunta para hacer?

[28/06/2020 21:24:25]: TEXTO ENTRADA DEL USUARIO: trngo negocio
[28/06/2020 21:24:25]: Regla salida especificidad [id: 2147483647]: (Despedida), especificidad:0
[28/06/2020 21:24:25]: Regla salida especificidad [id: 11]: (como,ser,coronavirus), especificidad:0
[28/06/2020 21:24:25]: Regla salida especificidad [id: 12]: (como,ser,coronavirus), especificidad:0
[28/06/2020 21:24:25]: Regla salida especificidad [id: 21]: (recomendacion,negación,contagio), especificidad:0
[28/06/2020 21:24:25]: Regla salida especificidad [id: 22]: (recomendacion,negación,contagio), especificidad:0
[28/06/2020 21:24:25]: Regla salida especificidad [id: 23]: (recomendacion,negación,contagio), especificidad:0
[28/06/2020 21:24:25]: Regla salida especificidad [id: 24]: (recomendacion,negación,contagio), especificidad:0
[28/06/2020 21:24:25]: Regla salida especificidad [id: 31]: (como,sintoma,tener), especificidad:0
[28/06/2020 21:24:25]: Regla salida especificidad [id: 32]: (cual,ser,sintoma), especificidad:0
[28/06/2020 21:24:25]: Regla salida especificidad [id: 33]: (como,sintoma,tener), especificidad:0
[28/06/2020 21:24:25]: Regla salida especificidad [id: 34]: (cual,ser,sintoma), especificidad:0
[28/06/2020 21:24:25]: Regla salida especificidad [id: 35]: (como,sintoma,tener,coronavirus), especificidad:0
[28/06/2020 21:24:25]: Regla salida especificidad [id: 36]: (cual,ser,sintoma,coronavirus), especificidad:0
[28/06/2020 21:24:25]: Regla salida especificidad [id: 37]: (como,sintoma,tener,coronavirus), especificidad:0
[28/06/2020 21:24:25]: Regla salida especificidad [id: 38]: (cual,ser,sintoma,coronavirus), especificidad:0
[28/06/2020 21:24:25]: Regla salida especificidad [id: 41]: (como,contagio,coronavirus), especificidad:0
[28/06/2020 21:24:25]: Regla salida especificidad [id: 42]: (cual,comercio,contagio), especificidad:0
[28/06/2020 21:24:25]: Regla salida especificidad [id: 43]: (como,contagio,coronavirus), especificidad:0
[28/06/2020 21:24:25]: Regla salida especificidad [id: 44]: (cual,comercio,contagio), especificidad:0
[28/06/2020 21:24:25]: Regla salida especificidad [id: 51]: (cual,ser,tasa,contagio), especificidad:0
[28/06/2020 21:24:25]: Regla salida especificidad [id: 52]: (cual,ser,tasa,contagio), especificidad:0
[28/06/2020 21:24:25]: Regla salida especificidad [id: 53]: (cual,ser,tasa,contagio,coronavirus), especificidad:0
[28/06/2020 21:24:25]: Regla salida especificidad [id: 54]: (cual,ser,tasa,contagio,coronavirus), especificidad:0
[28/06/2020 21:24:25]: Regla salida especificidad [id: 61]: (cual,ser,duracion), especificidad:0
[28/06/2020 21:24:25]: Regla salida especificidad [id: 62]: (cual,ser,duracion,coronavirus), especificidad:0
[28/06/2020 21:24:25]: Regla salida especificidad [id: 63]: (cuanto,duracion), especificidad:0
[28/06/2020 21:24:25]: Regla salida especificidad [id: 64]: (cuanto,duracion,coronavirus), especificidad:0
[28/06/2020 21:24:25]: Regla salida especificidad [id: 91]: (numero,caso,ciudad), especificidad:0
[28/06/2020 21:24:25]: Regla salida especificidad [id: 92]: (numero,infeccion,ciudad), especificidad:0
[28/06/2020 21:24:25]: Regla salida especificidad [id: 93]: (numero,caso,coronavirus,ciudad), especificidad:0
[28/06/2020 21:24:25]: Regla salida especificidad [id: 94]: (numero,infeccion,coronavirus,ciudad), especificidad:0
[28/06/2020 21:24:25]: Regla salida especificidad [id: 95]: (numero,caso,ciudad), especificidad:0
[28/06/2020 21:24:25]: Regla salida especificidad [id: 96]: (numero,infeccion,ciudad), especificidad:0
[28/06/2020 21:24:25]: Regla salida especificidad [id: 97]: (numero,caso,coronavirus,ciudad), especificidad:0
[28/06/2020 21:24:25]: Regla salida especificidad [id: 98]: (numero,infeccion,coronavirus,ciudad), especificidad:0
[28/06/2020 21:24:25]: Regla salida especificidad [id: 99]: (numero,caso,ciudad,santafe), especificidad:0
[28/06/2020 21:24:25]: Regla salida especificidad [id: 910]: (numero,infeccion,ciudad,santafe), especificidad:0
[28/06/2020 21:24:25]: Regla salida especificidad [id: 911]: (numero,caso,coronavirus,ciudad,santafe), especificidad:0
[28/06/2020 21:24:25]: Regla salida especificidad [id: 912]: (numero,infeccion,coronavirus,ciudad,santafe), especificidad:0
[28/06/2020 21:24:25]: Regla salida especificidad [id: 913]: (numero,caso,ciudad,santafe), especificidad:0
[28/06/2020 21:24:25]: Regla salida especificidad [id: 914]: (numero,infeccion,ciudad,santafe), especificidad:0
[28/06/2020 21:24:25]: Regla salida especificidad [id: 915]: (numero,caso,coronavirus,ciudad,santafe), especificidad:0
[28/06/2020 21:24:25]: Regla salida especificidad [id: 916]: (numero,infeccion,coronavirus,ciudad,santafe), especificidad:0
[28/06/2020 21:24:25]: Regla salida especificidad [id: 101]: (numero,caso,provincia), especificidad:0
[28/06/2020 21:24:25]: Regla salida especificidad [id: 102]: (numero,infeccion,provincia), especificidad:0
[28/06/2020 21:24:25]: Regla salida especificidad [id: 103]: (numero,caso,coronavirus,provincia), especificidad:0
[28/06/2020 21:24:25]: Regla salida especificidad [id: 104]: (numero,infeccion,coronavirus,provincia), especificidad:0
[28/06/2020 21:24:25]: Regla salida especificidad [id: 105]: (numero,caso,provincia), especificidad:0
[28/06/2020 21:24:25]: Regla salida especificidad [id: 106]: (numero,infeccion,provincia), especificidad:0
[28/06/2020 21:24:25]: Regla salida especificidad [id: 107]: (numero,caso,coronavirus,provincia), especificidad:0
[28/06/2020 21:24:25]: Regla salida especificidad [id: 108]: (numero,infeccion,coronavirus,provincia), especificidad:0
[28/06/2020 21:24:25]: Regla salida especificidad [id: 109]: (numero,caso,provincia,santafe), especificidad:0
[28/06/2020 21:24:25]: Regla salida especificidad [id: 1010]: (numero,infeccion,provincia,santafe), especificidad:0
[28/06/2020 21:24:25]: Regla salida especificidad [id: 1011]: (numero,caso,coronavirus,provincia,santafe), especificidad:0
[28/06/2020 21:24:25]: Regla salida especificidad [id: 1012]: (numero,infeccion,coronavirus,provincia,santafe), especificidad:0
[28/06/2020 21:24:25]: Regla salida especificidad [id: 1013]: (numero,caso,provincia,santafe), especificidad:0
[28/06/2020 21:24:25]: Regla salida especificidad [id: 1014]: (numero,infeccion,provincia,santafe), especificidad:0
[28/06/2020 21:24:25]: Regla salida especificidad [id: 1015]: (numero,caso,coronavirus,provincia,santafe), especificidad:0
[28/06/2020 21:24:25]: Regla salida especificidad [id: 1016]: (numero,infeccion,coronavirus,provincia,santafe), especificidad:0
[28/06/2020 21:24:25]: Regla salida especificidad [id: 111]: (numero,caso,pais), especificidad:0
[28/06/2020 21:24:25]: Regla salida especificidad [id: 112]: (numero,infeccion,pais), especificidad:0
[28/06/2020 21:24:25]: Regla salida especificidad [id: 113]: (numero,caso,coronavirus,pais), especificidad:0
[28/06/2020 21:24:25]: Regla salida especificidad [id: 114]: (numero,infeccion,coronavirus,pais), especificidad:0
[28/06/2020 21:24:25]: Regla salida especificidad [id: 115]: (numero,caso,pais), especificidad:0
[28/06/2020 21:24:25]: Regla salida especificidad [id: 116]: (numero,infeccion,pais), especificidad:0
[28/06/2020 21:24:25]: Regla salida especificidad [id: 117]: (numero,caso,coronavirus,pais), especificidad:0
[28/06/2020 21:24:25]: Regla salida especificidad [id: 118]: (numero,infeccion,coronavirus,pais), especificidad:0
[28/06/2020 21:24:25]: Regla salida especificidad [id: 121]: (cual,zona,mayor,riesgo), especificidad:0
[28/06/2020 21:24:25]: Regla salida especificidad [id: 122]: (cual,zona,mayor,riesgo), especificidad:0
[28/06/2020 21:24:25]: Regla salida especificidad [id: 123]: (cual,zona,mayor,numero,caso), especificidad:0
[28/06/2020 21:24:25]: Regla salida especificidad [id: 124]: (cual,zona,mayor,numero,caso), especificidad:0
[28/06/2020 21:24:25]: Regla salida especificidad [id: 125]: (donde,mayor,riesgo), especificidad:0
[28/06/2020 21:24:25]: Regla salida especificidad [id: 126]: (donde,mayor,numero,caso), especificidad:0
[28/06/2020 21:24:25]: Regla salida especificidad [id: 141]: (tener,comercio), especificidad:0
[28/06/2020 21:24:25]: Regla salida especificidad [id: 142]: (ser,comercio), especificidad:0
[28/06/2020 21:24:25]: Regla salida especificidad [id: 143]: (tener,comercio,recomendacion), especificidad:0
[28/06/2020 21:24:25]: Regla salida especificidad [id: 144]: (ser,comercio,recomendacion), especificidad:0
[28/06/2020 21:24:25]: Regla salida especificidad [id: 161]: (ser,personal,salud), especificidad:0
[28/06/2020 21:24:25]: Regla salida especificidad [id: 162]: (ser,trabajo,salud), especificidad:0
[28/06/2020 21:24:25]: Regla salida especificidad [id: 163]: (trabajo,hospital), especificidad:0
[28/06/2020 21:24:25]: Regla salida especificidad [id: 164]: (ser,medico), especificidad:0
[28/06/2020 21:24:25]: Regla salida especificidad [id: 25]: (recomendacion,negación,contagio), especificidad:0
[28/06/2020 21:24:25]: Regla salida especificidad [id: 75]: (cual,ser,riesgo), especificidad:0
[28/06/2020 21:24:25]: Regla salida especificidad [id: 76]: (cual,ser,riesgo,coronavirus), especificidad:0
[28/06/2020 21:24:25]: Regla salida especificidad [id: 84]: (ayuda,infeccion), especificidad:0
[28/06/2020 21:24:25]: SIN COINCIDENCIA.
[28/06/2020 21:24:25]: RESPUESTA DEVUELTA POR EL AGENTE: Ups! No cuento con información para entender esa pregunta, intente ser más específico por favor  :(<br>

[28/06/2020 21:24:30]: TEXTO ENTRADA DEL USUARIO: tengo comercio
[28/06/2020 21:24:30]: Regla salida especificidad [id: 141]: (tener,comercio), especificidad:2
[28/06/2020 21:24:30]: RESPUESTA DEVUELTA POR EL AGENTE: Si su comercio se encuentra habilitado para la atención, se le recomienda:<br>1- Restringir la cantidad de personas dentro del comercio.<br>2- Disponer de alcohol en gel u otra solución hidroalcohólica desinfectante al alcance de los clientes y de los trabajadores. Se aconseja que el personal limpie sus manos con alcohol en gel cada vez que intercambie algún objeto con los consumidores.<br>3- Se recomienda ubicar los mostradores con alcohol en gel en la puerta del comercio para evitar la circulación.<br>4- Se aconseja que los pedidos puedan realizarse por teléfono o por internet. Procurar la habilitación de medios de ventas a través de internet y las redes sociales, entre otros.<br>5- Los comercios que disponen de delivery fomentar esta modalidad.<br>6- Evitar el contacto cercano y mantener una distancia de entre uno y dos metros entre las personas dentro de los locales comerciales. Además, se insta a evitar abrazos, besos o estrechar las manos entre los empleados y los clientes.<br>7- Desinfectar lugares y equipos de trabajo reutilizables.

[28/06/2020 21:24:43]: TEXTO ENTRADA DEL USUARIO: recomendacion comercio
[28/06/2020 21:24:43]: Regla salida especificidad [id: 131]: (recomendacion,comercio), especificidad:2
[28/06/2020 21:24:43]: Regla salida especificidad [id: 132]: (recomendacion,comercio), especificidad:2
[28/06/2020 21:24:43]: Regla salida especificidad [id: 133]: (recomendacion,comercio), especificidad:2
[28/06/2020 21:24:43]: Regla salida especificidad [id: 134]: (recomendacion,comercio), especificidad:2
[28/06/2020 21:24:43]: Regla salida especificidad [id: 135]: (recomendacion,comercio), especificidad:2
[28/06/2020 21:24:43]: Regla salida especificidad [id: 136]: (recomendacion,comercio), especificidad:2
[28/06/2020 21:24:43]: Regla salida especificidad [id: 137]: (recomendacion,comercio), especificidad:2
[28/06/2020 21:24:43]: Regla salida no duplicación [id: 131]: (recomendacion,comercio)
[28/06/2020 21:24:43]: Regla salida no duplicación [id: 132]: (recomendacion,comercio)
[28/06/2020 21:24:43]: Regla salida no duplicación [id: 133]: (recomendacion,comercio)
[28/06/2020 21:24:43]: Regla salida no duplicación [id: 134]: (recomendacion,comercio)
[28/06/2020 21:24:43]: Regla salida no duplicación [id: 135]: (recomendacion,comercio)
[28/06/2020 21:24:43]: Regla salida no duplicación [id: 136]: (recomendacion,comercio)
[28/06/2020 21:24:43]: Regla salida no duplicación [id: 137]: (recomendacion,comercio)
[28/06/2020 21:24:43]: Regla salida prioridad [id: 131]: (recomendacion,comercio), prioridad:0
[28/06/2020 21:24:43]: Regla salida prioridad [id: 132]: (recomendacion,comercio), prioridad:0
[28/06/2020 21:24:43]: Regla salida prioridad [id: 133]: (recomendacion,comercio), prioridad:0
[28/06/2020 21:24:43]: Regla salida prioridad [id: 134]: (recomendacion,comercio), prioridad:0
[28/06/2020 21:24:43]: Regla salida prioridad [id: 135]: (recomendacion,comercio), prioridad:0
[28/06/2020 21:24:43]: Regla salida prioridad [id: 136]: (recomendacion,comercio), prioridad:0
[28/06/2020 21:24:43]: Regla salida prioridad [id: 137]: (recomendacion,comercio), prioridad:0
[28/06/2020 21:24:43]: Regla salida random [id: 135]: (recomendacion,comercio)
[28/06/2020 21:24:43]: RESPUESTA DEVUELTA POR EL AGENTE: Los comercios que disponen de delivery fomentar esta modalidad.

[28/06/2020 21:24:53]: TEXTO ENTRADA DEL USUARIO: recomendacion comercio
[28/06/2020 21:24:53]: Regla salida especificidad [id: 131]: (recomendacion,comercio), especificidad:2
[28/06/2020 21:24:53]: Regla salida especificidad [id: 132]: (recomendacion,comercio), especificidad:2
[28/06/2020 21:24:53]: Regla salida especificidad [id: 133]: (recomendacion,comercio), especificidad:2
[28/06/2020 21:24:53]: Regla salida especificidad [id: 134]: (recomendacion,comercio), especificidad:2
[28/06/2020 21:24:53]: Regla salida especificidad [id: 135]: (recomendacion,comercio), especificidad:2
[28/06/2020 21:24:53]: Regla salida especificidad [id: 136]: (recomendacion,comercio), especificidad:2
[28/06/2020 21:24:53]: Regla salida especificidad [id: 137]: (recomendacion,comercio), especificidad:2
[28/06/2020 21:24:53]: Regla salida no duplicación [id: 131]: (recomendacion,comercio)
[28/06/2020 21:24:53]: Regla salida no duplicación [id: 132]: (recomendacion,comercio)
[28/06/2020 21:24:53]: Regla salida no duplicación [id: 133]: (recomendacion,comercio)
[28/06/2020 21:24:53]: Regla salida no duplicación [id: 134]: (recomendacion,comercio)
[28/06/2020 21:24:53]: Regla salida no duplicación [id: 136]: (recomendacion,comercio)
[28/06/2020 21:24:53]: Regla salida no duplicación [id: 137]: (recomendacion,comercio)
[28/06/2020 21:24:53]: Regla salida prioridad [id: 131]: (recomendacion,comercio), prioridad:0
[28/06/2020 21:24:53]: Regla salida prioridad [id: 132]: (recomendacion,comercio), prioridad:0
[28/06/2020 21:24:53]: Regla salida prioridad [id: 133]: (recomendacion,comercio), prioridad:0
[28/06/2020 21:24:53]: Regla salida prioridad [id: 134]: (recomendacion,comercio), prioridad:0
[28/06/2020 21:24:53]: Regla salida prioridad [id: 136]: (recomendacion,comercio), prioridad:0
[28/06/2020 21:24:53]: Regla salida prioridad [id: 137]: (recomendacion,comercio), prioridad:0
[28/06/2020 21:24:53]: Regla salida random [id: 131]: (recomendacion,comercio)
[28/06/2020 21:24:53]: RESPUESTA DEVUELTA POR EL AGENTE: Restringir la cantidad de personas dentro del comercio.

[28/06/2020 21:25:03]: TEXTO ENTRADA DEL USUARIO: hasta pronto
[28/06/2020 21:25:03]: Regla salida especificidad [id: 2147483647]: (Despedida), especificidad:1
[28/06/2020 21:25:03]: RESPUESTA DEVUELTA POR EL AGENTE: Adiós! Me alegra haber podido aclarar tus dudas!<br>Me voy en 5...4...3...

